{"date":"Fri Jun 20 2025 23:48:42 GMT+0700 (Indochina Time)","error":{"diagnosticCodes":[2307]},"exception":true,"level":"error","message":"uncaughtException: тип Unable to compile TypeScript:\nmiddleware/authMiddleware.ts(2,29): error TS2307: Cannot find module '../models/UserService' or its corresponding type declarations.\r\n\nTSError: тип Unable to compile TypeScript:\nmiddleware/authMiddleware.ts(2,29): error TS2307: Cannot find module '../models/UserService' or its corresponding type declarations.\r\n\n    at createTSError (C:\\Users\\acer\\OneDrive\\Documents\\GitHub\\Nodejs_Book_Management\\node_modules\\ts-node\\src\\index.ts:859:12)\n    at reportTSError (C:\\Users\\acer\\OneDrive\\Documents\\GitHub\\Nodejs_Book_Management\\node_modules\\ts-node\\src\\index.ts:863:19)\n    at getOutput (C:\\Users\\acer\\OneDrive\\Documents\\GitHub\\Nodejs_Book_Management\\node_modules\\ts-node\\src\\index.ts:1077:36)\n    at Object.compile (C:\\Users\\acer\\OneDrive\\Documents\\GitHub\\Nodejs_Book_Management\\node_modules\\ts-node\\src\\index.ts:1433:41)\n    at Module.m._compile (C:\\Users\\acer\\OneDrive\\Documents\\GitHub\\Nodejs_Book_Management\\node_modules\\ts-node\\src\\index.ts:1617:30)\n    at node:internal/modules/cjs/loader:1706:10\n    at Object.require.extensions.<computed> [as .ts] (C:\\Users\\acer\\OneDrive\\Documents\\GitHub\\Nodejs_Book_Management\\node_modules\\ts-node\\src\\index.ts:1621:12)\n    at Module.load (node:internal/modules/cjs/loader:1289:32)\n    at Function._load (node:internal/modules/cjs/loader:1108:12)\n    at TracingChannel.traceSync (node:diagnostics_channel:322:14)","os":{"loadavg":[0,0,0],"uptime":395625.187},"process":{"argv":["C:\\Users\\acer\\OneDrive\\Documents\\GitHub\\Nodejs_Book_Management\\node_modules\\ts-node\\dist\\bin.js","C:\\Users\\acer\\OneDrive\\Documents\\GitHub\\Nodejs_Book_Management\\server.ts"],"cwd":"C:\\Users\\acer\\OneDrive\\Documents\\GitHub\\Nodejs_Book_Management","execPath":"C:\\Program Files\\nodejs\\node.exe","gid":null,"memoryUsage":{"arrayBuffers":4867307,"external":8010205,"heapTotal":185593856,"heapUsed":151012096,"rss":229584896},"pid":23796,"uid":null,"version":"v22.14.0"},"stack":"TSError: тип Unable to compile TypeScript:\nmiddleware/authMiddleware.ts(2,29): error TS2307: Cannot find module '../models/UserService' or its corresponding type declarations.\r\n\n    at createTSError (C:\\Users\\acer\\OneDrive\\Documents\\GitHub\\Nodejs_Book_Management\\node_modules\\ts-node\\src\\index.ts:859:12)\n    at reportTSError (C:\\Users\\acer\\OneDrive\\Documents\\GitHub\\Nodejs_Book_Management\\node_modules\\ts-node\\src\\index.ts:863:19)\n    at getOutput (C:\\Users\\acer\\OneDrive\\Documents\\GitHub\\Nodejs_Book_Management\\node_modules\\ts-node\\src\\index.ts:1077:36)\n    at Object.compile (C:\\Users\\acer\\OneDrive\\Documents\\GitHub\\Nodejs_Book_Management\\node_modules\\ts-node\\src\\index.ts:1433:41)\n    at Module.m._compile (C:\\Users\\acer\\OneDrive\\Documents\\GitHub\\Nodejs_Book_Management\\node_modules\\ts-node\\src\\index.ts:1617:30)\n    at node:internal/modules/cjs/loader:1706:10\n    at Object.require.extensions.<computed> [as .ts] (C:\\Users\\acer\\OneDrive\\Documents\\GitHub\\Nodejs_Book_Management\\node_modules\\ts-node\\src\\index.ts:1621:12)\n    at Module.load (node:internal/modules/cjs/loader:1289:32)\n    at Function._load (node:internal/modules/cjs/loader:1108:12)\n    at TracingChannel.traceSync (node:diagnostics_channel:322:14)","timestamp":"2025-06-20 23:48:42","trace":[{"column":12,"file":"C:\\Users\\acer\\OneDrive\\Documents\\GitHub\\Nodejs_Book_Management\\node_modules\\ts-node\\src\\index.ts","function":"createTSError","line":859,"method":null,"native":false},{"column":19,"file":"C:\\Users\\acer\\OneDrive\\Documents\\GitHub\\Nodejs_Book_Management\\node_modules\\ts-node\\src\\index.ts","function":"reportTSError","line":863,"method":null,"native":false},{"column":36,"file":"C:\\Users\\acer\\OneDrive\\Documents\\GitHub\\Nodejs_Book_Management\\node_modules\\ts-node\\src\\index.ts","function":"getOutput","line":1077,"method":null,"native":false},{"column":41,"file":"C:\\Users\\acer\\OneDrive\\Documents\\GitHub\\Nodejs_Book_Management\\node_modules\\ts-node\\src\\index.ts","function":"Object.compile","line":1433,"method":"compile","native":false},{"column":30,"file":"C:\\Users\\acer\\OneDrive\\Documents\\GitHub\\Nodejs_Book_Management\\node_modules\\ts-node\\src\\index.ts","function":"Module.m._compile","line":1617,"method":"_compile","native":false},{"column":10,"file":"node:internal/modules/cjs/loader","function":null,"line":1706,"method":null,"native":false},{"column":12,"file":"C:\\Users\\acer\\OneDrive\\Documents\\GitHub\\Nodejs_Book_Management\\node_modules\\ts-node\\src\\index.ts","function":"Object.require.extensions.<computed> [as .ts]","line":1621,"method":"ts]","native":false},{"column":32,"file":"node:internal/modules/cjs/loader","function":"Module.load","line":1289,"method":"load","native":false},{"column":12,"file":"node:internal/modules/cjs/loader","function":"Function._load","line":1108,"method":"_load","native":false},{"column":14,"file":"node:diagnostics_channel","function":"TracingChannel.traceSync","line":322,"method":"traceSync","native":false}]}
