TN:
SF:config\database.ts
FN:53,(anonymous_1)
FN:58,(anonymous_2)
FN:63,(anonymous_3)
FN:70,(anonymous_4)
FN:117,(anonymous_5)
FN:144,(anonymous_6)
FN:169,(anonymous_7)
FN:179,(anonymous_8)
FN:184,(anonymous_9)
FN:189,(anonymous_10)
FN:208,(anonymous_11)
FN:330,(anonymous_12)
FNF:12
FNH:2
FNDA:0,(anonymous_1)
FNDA:0,(anonymous_2)
FNDA:0,(anonymous_3)
FNDA:0,(anonymous_4)
FNDA:0,(anonymous_5)
FNDA:0,(anonymous_6)
FNDA:0,(anonymous_7)
FNDA:1,(anonymous_8)
FNDA:2,(anonymous_9)
FNDA:0,(anonymous_10)
FNDA:0,(anonymous_11)
FNDA:0,(anonymous_12)
DA:1,8
DA:2,8
DA:3,8
DA:5,8
DA:8,8
DA:10,8
DA:13,8
DA:14,8
DA:15,8
DA:18,8
DA:19,1
DA:30,7
DA:53,7
DA:54,0
DA:55,0
DA:58,7
DA:59,0
DA:60,0
DA:63,7
DA:64,0
DA:65,0
DA:70,8
DA:72,0
DA:73,0
DA:74,0
DA:76,0
DA:79,0
DA:81,0
DA:82,0
DA:83,0
DA:84,0
DA:87,0
DA:88,0
DA:89,0
DA:92,0
DA:94,0
DA:95,0
DA:98,0
DA:99,0
DA:100,0
DA:103,0
DA:106,0
DA:107,0
DA:112,0
DA:117,8
DA:118,0
DA:119,0
DA:120,0
DA:121,0
DA:122,0
DA:123,0
DA:125,0
DA:126,0
DA:127,0
DA:128,0
DA:131,0
DA:132,0
DA:133,0
DA:136,0
DA:137,0
DA:138,0
DA:144,8
DA:145,0
DA:146,0
DA:147,0
DA:148,0
DA:149,0
DA:150,0
DA:151,0
DA:152,0
DA:154,0
DA:155,0
DA:156,0
DA:157,0
DA:158,0
DA:161,0
DA:162,0
DA:164,0
DA:166,0
DA:167,0
DA:168,0
DA:169,0
DA:174,0
DA:175,0
DA:179,8
DA:180,1
DA:184,8
DA:185,2
DA:189,8
DA:190,0
DA:191,0
DA:192,0
DA:198,0
DA:199,0
DA:208,8
DA:209,0
DA:210,0
DA:212,0
DA:233,0
DA:251,0
DA:264,0
DA:274,0
DA:287,0
DA:294,0
DA:304,0
DA:312,0
DA:321,0
DA:322,0
DA:324,0
DA:325,0
DA:330,8
DA:331,0
DA:332,0
DA:333,0
DA:334,0
DA:336,0
DA:337,0
DA:339,0
DA:341,0
DA:346,8
DA:347,8
DA:349,8
LF:122
LH:28
BRDA:8,0,0,8
BRDA:8,0,1,0
BRDA:18,1,0,1
BRDA:18,1,1,7
BRDA:20,2,0,1
BRDA:20,2,1,0
BRDA:21,3,0,1
BRDA:21,3,1,0
BRDA:22,4,0,1
BRDA:22,4,1,0
BRDA:23,5,0,1
BRDA:23,5,1,0
BRDA:24,6,0,1
BRDA:24,6,1,0
BRDA:26,7,0,1
BRDA:26,7,1,0
BRDA:31,8,0,7
BRDA:31,8,1,0
BRDA:32,9,0,7
BRDA:32,9,1,0
BRDA:33,10,0,7
BRDA:33,10,1,0
BRDA:34,11,0,7
BRDA:34,11,1,0
BRDA:35,12,0,7
BRDA:35,12,1,0
BRDA:36,13,0,7
BRDA:36,13,1,0
BRDA:70,14,0,0
BRDA:73,15,0,0
BRDA:82,16,0,0
BRDA:82,16,1,0
BRDA:88,17,0,0
BRDA:99,18,0,0
BRDA:110,19,0,0
BRDA:110,19,1,0
BRDA:119,20,0,0
BRDA:119,20,1,0
BRDA:131,21,0,0
BRDA:136,22,0,0
BRDA:137,23,0,0
BRDA:137,23,1,0
BRDA:144,24,0,0
BRDA:147,25,0,0
BRDA:147,25,1,0
BRDA:164,26,0,0
BRDA:164,26,1,0
BRDA:166,27,0,0
BRDA:190,28,0,0
BRDA:190,28,1,0
BRDA:193,29,0,0
BRDA:193,29,1,0
BRDA:194,30,0,0
BRDA:194,30,1,0
BRDA:195,31,0,0
BRDA:195,31,1,0
BRDA:210,32,0,0
BRDA:210,32,1,0
BRDA:332,33,0,0
BRDA:332,33,1,0
BRF:60
BRH:15
end_of_record
TN:
SF:config\logger.ts
FN:40,(anonymous_1)
FN:121,(anonymous_2)
FN:125,(anonymous_3)
FN:143,(anonymous_4)
FN:147,(anonymous_5)
FN:151,(anonymous_6)
FN:156,(anonymous_7)
FN:166,(anonymous_8)
FN:175,(anonymous_9)
FNF:9
FNH:0
FNDA:0,(anonymous_1)
FNDA:0,(anonymous_2)
FNDA:0,(anonymous_3)
FNDA:0,(anonymous_4)
FNDA:0,(anonymous_5)
FNDA:0,(anonymous_6)
FNDA:0,(anonymous_7)
FNDA:0,(anonymous_8)
FNDA:0,(anonymous_9)
DA:1,4
DA:2,4
DA:5,4
DA:14,4
DA:23,4
DA:26,4
DA:29,4
DA:36,4
DA:41,0
DA:44,0
DA:45,0
DA:49,0
DA:50,0
DA:53,0
DA:58,4
DA:115,4
DA:116,4
DA:117,0
DA:121,4
DA:122,0
DA:125,4
DA:126,0
DA:128,0
DA:129,0
DA:130,0
DA:136,0
DA:140,0
DA:143,4
DA:144,0
DA:147,4
DA:148,0
DA:151,4
DA:152,0
DA:156,4
DA:157,0
DA:158,0
DA:166,4
DA:167,0
DA:175,4
DA:176,0
DA:183,4
LF:41
LH:20
BRDA:44,0,0,0
BRDA:49,1,0,0
BRDA:59,2,0,4
BRDA:59,2,1,0
BRDA:59,3,0,0
BRDA:59,3,1,0
BRDA:64,4,0,4
BRDA:64,4,1,0
BRDA:73,5,0,0
BRDA:73,5,1,4
BRDA:74,6,0,0
BRDA:74,6,1,4
BRDA:116,7,0,0
BRDA:128,8,0,0
BRDA:129,9,0,0
BRDA:129,9,1,0
BRF:16
BRH:4
end_of_record
TN:
SF:middleware\authMiddleware.ts
FN:15,(anonymous_0)
FN:43,(anonymous_1)
FN:66,(anonymous_2)
FN:93,(anonymous_3)
FNF:4
FNH:3
FNDA:4,(anonymous_0)
FNDA:3,(anonymous_1)
FNDA:0,(anonymous_2)
FNDA:3,(anonymous_3)
DA:2,1
DA:15,1
DA:16,4
DA:17,4
DA:19,4
DA:20,2
DA:25,2
DA:28,2
DA:29,2
DA:30,1
DA:35,1
DA:38,1
DA:39,1
DA:43,1
DA:44,3
DA:45,1
DA:50,1
DA:53,2
DA:54,1
DA:59,1
DA:62,1
DA:66,1
DA:67,0
DA:68,0
DA:73,0
DA:76,0
DA:77,0
DA:78,0
DA:80,0
DA:81,0
DA:86,0
DA:89,0
DA:93,1
DA:94,3
DA:95,3
DA:97,3
DA:98,2
DA:99,2
DA:100,1
DA:104,3
LF:40
LH:30
BRDA:17,0,0,4
BRDA:17,0,1,3
BRDA:19,1,0,2
BRDA:29,2,0,1
BRDA:44,3,0,1
BRDA:53,4,0,1
BRDA:67,5,0,0
BRDA:80,6,0,0
BRDA:80,7,0,0
BRDA:80,7,1,0
BRDA:95,8,0,3
BRDA:95,8,1,2
BRDA:97,9,0,2
BRDA:99,10,0,1
BRF:14
BRH:10
end_of_record
TN:
SF:middleware\dbMiddleware.ts
FN:5,(anonymous_0)
FNF:1
FNH:1
FNDA:2,(anonymous_0)
DA:2,1
DA:5,1
DA:6,2
DA:8,2
DA:9,1
DA:14,1
DA:17,1
LF:7
LH:7
BRDA:8,0,0,1
BRF:1
BRH:1
end_of_record
TN:
SF:routes\bookRoutes.ts
FN:29,(anonymous_1)
FN:43,(anonymous_2)
FN:54,(anonymous_3)
FN:65,(anonymous_4)
FN:82,(anonymous_5)
FN:84,(anonymous_6)
FN:88,(anonymous_7)
FN:90,(anonymous_8)
FN:96,(anonymous_9)
FN:103,(anonymous_10)
FN:127,(anonymous_11)
FN:145,(anonymous_12)
FN:163,(anonymous_13)
FN:174,(anonymous_14)
FN:195,(anonymous_15)
FNF:15
FNH:15
FNDA:14,(anonymous_1)
FNDA:1,(anonymous_2)
FNDA:1,(anonymous_3)
FNDA:1,(anonymous_4)
FNDA:2,(anonymous_5)
FNDA:2,(anonymous_6)
FNDA:2,(anonymous_7)
FNDA:2,(anonymous_8)
FNDA:3,(anonymous_9)
FNDA:6,(anonymous_10)
FNDA:2,(anonymous_11)
FNDA:1,(anonymous_12)
FNDA:2,(anonymous_13)
FNDA:8,(anonymous_14)
FNDA:2,(anonymous_15)
DA:1,1
DA:2,1
DA:3,1
DA:4,1
DA:5,1
DA:7,1
DA:10,1
DA:17,1
DA:24,1
DA:29,1
DA:30,14
DA:31,14
DA:32,4
DA:37,4
DA:39,10
DA:43,1
DA:44,1
DA:45,1
DA:46,1
DA:48,0
DA:49,0
DA:54,1
DA:55,1
DA:56,1
DA:57,1
DA:59,0
DA:60,0
DA:65,1
DA:66,1
DA:67,1
DA:68,1
DA:70,0
DA:71,0
DA:76,1
DA:83,2
DA:84,2
DA:86,1
DA:89,2
DA:90,2
DA:92,1
DA:97,3
DA:98,3
DA:99,3
DA:100,3
DA:103,3
DA:104,6
DA:105,4
DA:106,2
DA:109,3
DA:118,3
DA:119,3
DA:121,0
DA:122,0
DA:127,1
DA:128,2
DA:129,2
DA:130,2
DA:132,2
DA:133,1
DA:134,1
DA:137,1
DA:139,0
DA:140,0
DA:145,1
DA:146,1
DA:147,1
DA:154,1
DA:155,1
DA:157,0
DA:158,0
DA:163,1
DA:164,2
DA:165,2
DA:166,2
DA:174,2
DA:175,8
DA:176,5
DA:180,2
DA:182,2
DA:183,1
DA:184,1
DA:187,1
DA:189,0
DA:190,0
DA:195,1
DA:196,2
DA:197,2
DA:198,2
DA:200,2
DA:201,1
DA:202,1
DA:205,1
DA:207,0
DA:208,0
DA:212,1
LF:95
LH:79
BRDA:31,0,0,4
BRDA:83,1,0,1
BRDA:84,2,0,2
BRDA:84,2,1,2
BRDA:89,3,0,1
BRDA:90,4,0,2
BRDA:90,4,1,2
BRDA:98,5,0,3
BRDA:98,5,1,2
BRDA:99,6,0,3
BRDA:99,6,1,2
BRDA:104,7,0,2
BRDA:105,8,0,2
BRDA:113,9,0,1
BRDA:113,9,1,2
BRDA:132,10,0,1
BRDA:175,11,0,5
BRDA:182,12,0,1
BRDA:200,13,0,1
BRF:19
BRH:19
end_of_record
TN:
SF:services\BookService.ts
FN:11,(anonymous_0)
FN:19,(anonymous_1)
FN:24,(anonymous_2)
FN:52,(anonymous_3)
FN:68,(anonymous_4)
FN:123,(anonymous_5)
FN:142,(anonymous_6)
FN:153,(anonymous_7)
FN:185,(anonymous_8)
FN:240,(anonymous_9)
FN:261,(anonymous_10)
FN:263,(anonymous_11)
FN:267,(anonymous_12)
FN:269,(anonymous_13)
FN:273,(anonymous_14)
FN:329,(anonymous_15)
FNF:16
FNH:16
FNDA:24,(anonymous_0)
FNDA:34,(anonymous_1)
FNDA:7,(anonymous_2)
FNDA:2,(anonymous_3)
FNDA:2,(anonymous_4)
FNDA:11,(anonymous_5)
FNDA:3,(anonymous_6)
FNDA:3,(anonymous_7)
FNDA:4,(anonymous_8)
FNDA:4,(anonymous_9)
FNDA:2,(anonymous_10)
FNDA:3,(anonymous_11)
FNDA:2,(anonymous_12)
FNDA:3,(anonymous_13)
FNDA:4,(anonymous_14)
FNDA:32,(anonymous_15)
DA:1,2
DA:3,2
DA:5,2
DA:7,2
DA:8,2
DA:9,2
DA:12,24
DA:13,24
DA:15,24
DA:20,34
DA:25,7
DA:33,7
DA:35,7
DA:36,7
DA:38,7
DA:39,7
DA:40,7
DA:43,7
DA:44,1
DA:45,1
DA:46,1
DA:47,1
DA:50,7
DA:51,1
DA:52,1
DA:53,2
DA:54,2
DA:56,1
DA:57,1
DA:58,0
DA:59,0
DA:60,0
DA:61,0
DA:62,0
DA:66,7
DA:67,1
DA:68,1
DA:69,2
DA:70,2
DA:72,1
DA:73,1
DA:74,0
DA:75,0
DA:76,0
DA:77,0
DA:78,0
DA:82,7
DA:83,1
DA:84,1
DA:85,1
DA:86,1
DA:89,7
DA:93,7
DA:95,7
DA:96,0
DA:106,7
DA:116,7
DA:118,7
DA:119,7
DA:120,7
DA:123,11
DA:125,7
DA:131,7
DA:143,3
DA:144,3
DA:145,3
DA:146,3
DA:148,3
DA:149,3
DA:154,3
DA:155,3
DA:156,3
DA:159,3
DA:161,3
DA:162,1
DA:166,1
DA:167,1
DA:169,1
DA:170,1
DA:172,2
DA:177,2
DA:179,2
DA:180,2
DA:186,4
DA:187,4
DA:188,4
DA:189,4
DA:190,4
DA:193,4
DA:196,4
DA:198,4
DA:199,16
DA:200,4
DA:201,4
DA:202,4
DA:203,4
DA:207,4
DA:208,1
DA:211,3
DA:212,3
DA:214,3
DA:215,1
DA:220,1
DA:221,1
DA:223,1
DA:224,1
DA:226,2
DA:232,2
DA:234,2
DA:235,2
DA:241,4
DA:242,4
DA:245,4
DA:247,4
DA:248,1
DA:249,1
DA:250,1
DA:251,1
DA:253,3
DA:254,3
DA:255,3
DA:256,3
DA:262,2
DA:263,3
DA:268,2
DA:269,3
DA:279,4
DA:282,4
DA:283,1
DA:286,3
DA:287,3
DA:290,3
DA:291,1
DA:300,2
DA:310,3
DA:311,3
DA:319,3
DA:324,3
DA:325,3
DA:330,32
LF:140
LH:129
BRDA:12,0,0,24
BRDA:24,1,0,2
BRDA:27,2,0,6
BRDA:28,3,0,6
BRDA:29,4,0,6
BRDA:31,5,0,2
BRDA:32,6,0,2
BRDA:43,7,0,1
BRDA:44,8,0,0
BRDA:44,8,1,1
BRDA:50,9,0,1
BRDA:51,10,0,1
BRDA:51,10,1,0
BRDA:51,11,0,1
BRDA:51,11,1,1
BRDA:53,12,0,0
BRDA:53,12,1,2
BRDA:58,13,0,0
BRDA:59,14,0,0
BRDA:59,14,1,0
BRDA:66,15,0,1
BRDA:67,16,0,1
BRDA:67,16,1,0
BRDA:67,17,0,1
BRDA:67,17,1,1
BRDA:69,18,0,0
BRDA:69,18,1,2
BRDA:74,19,0,0
BRDA:75,20,0,0
BRDA:75,20,1,0
BRDA:82,21,0,1
BRDA:83,22,0,0
BRDA:83,22,1,1
BRDA:89,23,0,4
BRDA:89,23,1,3
BRDA:95,24,0,0
BRDA:95,24,1,7
BRDA:119,25,0,6
BRDA:119,25,1,1
BRDA:145,26,0,1
BRDA:145,26,1,2
BRDA:149,27,0,3
BRDA:149,27,1,2
BRDA:161,28,0,1
BRDA:161,28,1,2
BRDA:199,29,0,4
BRDA:200,30,0,1
BRDA:200,30,1,3
BRDA:207,31,0,1
BRDA:212,32,0,1
BRDA:212,32,1,2
BRDA:214,33,0,1
BRDA:214,33,1,2
BRDA:224,34,0,1
BRDA:224,34,1,0
BRDA:235,35,0,2
BRDA:235,35,1,1
BRDA:247,36,0,1
BRDA:247,36,1,3
BRDA:254,37,0,3
BRDA:254,37,1,3
BRDA:254,37,2,3
BRDA:282,38,0,1
BRDA:282,39,0,4
BRDA:282,39,1,1
BRDA:290,40,0,1
BRDA:290,40,1,2
BRF:67
BRH:53
end_of_record
TN:
SF:services\UserService.ts
FN:13,(anonymous_1)
FN:76,(anonymous_2)
FN:126,(anonymous_3)
FN:142,(anonymous_4)
FN:158,(anonymous_5)
FN:174,(anonymous_6)
FN:186,(anonymous_7)
FN:196,(anonymous_8)
FN:202,(anonymous_9)
FN:205,(anonymous_10)
FN:213,(anonymous_11)
FN:232,(anonymous_12)
FNF:12
FNH:12
FNDA:4,(anonymous_1)
FNDA:3,(anonymous_2)
FNDA:9,(anonymous_3)
FNDA:3,(anonymous_4)
FNDA:2,(anonymous_5)
FNDA:2,(anonymous_6)
FNDA:2,(anonymous_7)
FNDA:4,(anonymous_8)
FNDA:1,(anonymous_9)
FNDA:2,(anonymous_10)
FNDA:3,(anonymous_11)
FNDA:3,(anonymous_12)
DA:1,2
DA:2,2
DA:3,2
DA:5,2
DA:7,2
DA:8,2
DA:9,2
DA:10,2
DA:14,4
DA:16,4
DA:18,4
DA:19,4
DA:20,1
DA:27,3
DA:28,3
DA:29,1
DA:36,2
DA:39,2
DA:40,2
DA:42,2
DA:43,1
DA:47,1
DA:49,1
DA:54,1
DA:59,1
DA:61,1
DA:67,0
DA:68,0
DA:77,3
DA:79,3
DA:81,3
DA:82,3
DA:83,1
DA:90,2
DA:91,2
DA:92,1
DA:99,1
DA:106,1
DA:108,1
DA:110,1
DA:117,0
DA:118,0
DA:127,9
DA:128,9
DA:129,9
DA:133,9
DA:134,9
DA:136,0
DA:137,0
DA:143,3
DA:144,3
DA:145,3
DA:149,3
DA:150,3
DA:152,0
DA:153,0
DA:159,2
DA:160,2
DA:161,2
DA:165,2
DA:166,2
DA:168,0
DA:169,0
DA:175,2
DA:182,2
DA:187,2
DA:188,2
DA:190,1
DA:191,1
DA:197,4
DA:198,4
DA:203,1
DA:204,1
DA:205,2
DA:207,0
DA:208,0
DA:214,3
DA:215,3
DA:216,3
DA:218,3
DA:219,1
DA:220,1
DA:222,2
DA:223,2
DA:226,0
DA:227,0
DA:233,3
DA:234,3
DA:235,3
DA:237,3
DA:238,1
DA:242,1
DA:244,2
DA:248,2
DA:251,0
DA:252,0
LF:96
LH:80
BRDA:14,0,0,3
BRDA:19,1,0,1
BRDA:28,2,0,1
BRDA:42,3,0,1
BRDA:42,3,1,1
BRDA:82,4,0,1
BRDA:91,5,0,1
BRDA:129,6,0,1
BRDA:129,6,1,8
BRDA:134,7,0,9
BRDA:134,7,1,5
BRDA:145,8,0,1
BRDA:145,8,1,2
BRDA:150,9,0,3
BRDA:150,9,1,2
BRDA:161,10,0,0
BRDA:161,10,1,2
BRDA:166,11,0,2
BRDA:166,11,1,1
BRDA:218,12,0,1
BRDA:218,12,1,2
BRDA:237,13,0,1
BRDA:237,13,1,2
BRDA:8,14,0,2
BRDA:8,14,1,0
BRDA:9,15,0,2
BRDA:9,15,1,0
BRF:27
BRH:24
end_of_record
